<?xml version="1.0" encoding="UTF-8"?>
<testsuite name="test.OtherTest" time="0.001" tests="1" errors="0" skipped="0" failures="0">
  <properties>
    <property name="java.runtime.name" value="Java(TM) SE Runtime Environment"/>
    <property name="sun.boot.library.path" value="C:\Program Files\Java\jdk1.8.0_91\jre\bin"/>
    <property name="java.vm.version" value="25.91-b14"/>
    <property name="java.vm.vendor" value="Oracle Corporation"/>
    <property name="java.vendor.url" value="http://java.oracle.com/"/>
    <property name="path.separator" value=";"/>
    <property name="guice.disable.misplaced.annotation.check" value="true"/>
    <property name="java.vm.name" value="Java HotSpot(TM) 64-Bit Server VM"/>
    <property name="file.encoding.pkg" value="sun.io"/>
    <property name="user.script" value=""/>
    <property name="user.country" value="US"/>
    <property name="sun.java.launcher" value="SUN_STANDARD"/>
    <property name="sun.os.patch.level" value="Service Pack 1"/>
    <property name="java.vm.specification.name" value="Java Virtual Machine Specification"/>
    <property name="user.dir" value="D:\EclipseK\Project\simple-maven-project-with-tests-master\simple-maven-project-with-tests-master"/>
    <property name="java.runtime.version" value="1.8.0_91-b14"/>
    <property name="java.awt.graphicsenv" value="sun.awt.Win32GraphicsEnvironment"/>
    <property name="java.endorsed.dirs" value="C:\Program Files\Java\jdk1.8.0_91\jre\lib\endorsed"/>
    <property name="os.arch" value="amd64"/>
    <property name="java.io.tmpdir" value="C:\Users\514359\AppData\Local\Temp\"/>
    <property name="line.separator" value="&#10;"/>
    <property name="java.vm.specification.vendor" value="Oracle Corporation"/>
    <property name="user.variant" value=""/>
    <property name="os.name" value="Windows 7"/>
    <property name="classworlds.conf" value="D:\EclipseK\Project\.metadata\.plugins\org.eclipse.m2e.launching\launches\m2conf7108934377391493039.tmp"/>
    <property name="sun.jnu.encoding" value="Cp1252"/>
    <property name="java.library.path" value="C:\Program Files\Java\jdk1.8.0_91\bin;C:\WINDOWS\Sun\Java\bin;C:\WINDOWS\system32;C:\WINDOWS;C:/Program Files/Java/jre1.8.0_91/bin/server;C:/Program Files/Java/jre1.8.0_91/bin;C:/Program Files/Java/jre1.8.0_91/lib/amd64;C:\Windows\System32\WindowsPowerShell\v1.0;C:\Windows\System32;C:\ProgramData\Oracle\Java\javapath;C:\Progra~1\Java\jdk1.8.0_91\bin;D:\apache-ant-1.9.4\bin;D:\apache-maven-3.1.1\bin;C:\Program Files\Git\cmd;C:\Atlassian\Bitbucket\4.12.1\bin;D:\NodeJs\;;C:\Program Files\Docker Toolbox;C:\Users\514359\AppData\Roaming\npm;D:\EclipseK\eclipse;;."/>
    <property name="java.specification.name" value="Java Platform API Specification"/>
    <property name="java.class.version" value="52.0"/>
    <property name="sun.management.compiler" value="HotSpot 64-Bit Tiered Compilers"/>
    <property name="os.version" value="6.1"/>
    <property name="user.home" value="C:\Users\514359"/>
    <property name="user.timezone" value="Asia/Calcutta"/>
    <property name="java.awt.printerjob" value="sun.awt.windows.WPrinterJob"/>
    <property name="java.specification.version" value="1.8"/>
    <property name="file.encoding" value="Cp1252"/>
    <property name="user.name" value="514359"/>
    <property name="java.class.path" value="D:\apache-maven-3.1.1\boot\plexus-classworlds-2.5.1.jar"/>
    <property name="org.slf4j.simpleLogger.defaultLogLevel" value="info"/>
    <property name="java.vm.specification.version" value="1.8"/>
    <property name="sun.arch.data.model" value="64"/>
    <property name="java.home" value="C:\Program Files\Java\jdk1.8.0_91\jre"/>
    <property name="sun.java.command" value="org.codehaus.classworlds.Launcher -B -s D:\apache-maven-3.1.1\conf\settings.xml install"/>
    <property name="java.specification.vendor" value="Oracle Corporation"/>
    <property name="user.language" value="en"/>
    <property name="awt.toolkit" value="sun.awt.windows.WToolkit"/>
    <property name="java.vm.info" value="mixed mode"/>
    <property name="java.version" value="1.8.0_91"/>
    <property name="java.ext.dirs" value="C:\Program Files\Java\jdk1.8.0_91\jre\lib\ext;C:\WINDOWS\Sun\Java\lib\ext"/>
    <property name="sun.boot.class.path" value="C:\Program Files\Java\jdk1.8.0_91\jre\lib\resources.jar;C:\Program Files\Java\jdk1.8.0_91\jre\lib\rt.jar;C:\Program Files\Java\jdk1.8.0_91\jre\lib\sunrsasign.jar;C:\Program Files\Java\jdk1.8.0_91\jre\lib\jsse.jar;C:\Program Files\Java\jdk1.8.0_91\jre\lib\jce.jar;C:\Program Files\Java\jdk1.8.0_91\jre\lib\charsets.jar;C:\Program Files\Java\jdk1.8.0_91\jre\lib\jfr.jar;C:\Program Files\Java\jdk1.8.0_91\jre\classes"/>
    <property name="java.vendor" value="Oracle Corporation"/>
    <property name="maven.home" value="D:\apache-maven-3.1.1"/>
    <property name="file.separator" value="\"/>
    <property name="java.vendor.url.bug" value="http://bugreport.sun.com/bugreport/"/>
    <property name="maven.bootclasspath" value="D:\apache-maven-3.1.1\boot\plexus-classworlds-2.5.1.jar"/>
    <property name="sun.cpu.endian" value="little"/>
    <property name="sun.io.unicode.encoding" value="UnicodeLittle"/>
    <property name="sun.desktop" value="windows"/>
    <property name="sun.cpu.isalist" value="amd64"/>
  </properties>
  <testcase name="mytest" classname="test.OtherTest" time="0.001"/>
</testsuite>